-------------------
MiB Mem :   1817.2 total,   1488.9 free,    227.7 used,    100.6 buff/cache
MiB Swap:    820.0 total,    737.5 free,     82.5 used.   1465.3 avail Mem 

  30486 root      20   0  290232  70700   2828 R  53.3   3.8   0:01.08 mem2.sh

mem.sh
mem2.sh
systemd
kthreadd
rcu_gp
-------------------

-------------------
MiB Mem :   1817.2 total,   1391.3 free,    325.2 used,    100.7 buff/cache
MiB Swap:    820.0 total,    737.5 free,     82.5 used.   1367.7 avail Mem 

  30486 root      20   0  339864 120332   2828 R  50.0   6.5   0:01.87 mem2.sh

mem2.sh
mem.sh
systemd
kthreadd
rcu_gp
-------------------

-------------------
MiB Mem :   1817.2 total,   1294.7 free,    421.8 used,    100.7 buff/cache
MiB Swap:    820.0 total,    737.5 free,     82.5 used.   1271.2 avail Mem 

  30486 root      20   0  389892 170228   2828 R  47.1   9.1   0:02.66 mem2.sh

mem.sh
mem2.sh
systemd
kthreadd
rcu_gp
-------------------

-------------------
MiB Mem :   1817.2 total,   1197.4 free,    519.1 used,    100.7 buff/cache
MiB Swap:    820.0 total,    737.5 free,     82.5 used.   1173.9 avail Mem 

  30486 root      20   0  439128 219596   2828 R  43.8  11.8   0:03.44 mem2.sh

mem2.sh
mem.sh
systemd
kthreadd
rcu_gp
-------------------

-------------------
MiB Mem :   1817.2 total,   1099.5 free,    617.0 used,    100.7 buff/cache
MiB Swap:    820.0 total,    737.5 free,     82.5 used.   1075.9 avail Mem 

  30486 root      20   0  489684 270284   2828 R  53.3  14.5   0:04.24 mem2.sh

mem2.sh
mem.sh
systemd
kthreadd
rcu_gp
-------------------

-------------------
MiB Mem :   1817.2 total,   1000.9 free,    715.6 used,    100.7 buff/cache
MiB Swap:    820.0 total,    737.5 free,     82.5 used.    977.3 avail Mem 

  30486 root      20   0  540504 320972   2828 R  47.1  17.2   0:05.05 mem2.sh

mem2.sh
mem.sh
systemd
kthreadd
rcu_gp
-------------------

-------------------
MiB Mem :   1817.2 total,    906.6 free,    809.9 used,    100.7 buff/cache
MiB Swap:    820.0 total,    737.5 free,     82.5 used.    883.1 avail Mem 

  30486 root      20   0  588552 369020   2828 R  47.1  19.8   0:05.85 mem2.sh

mem.sh
mem2.sh
systemd
kthreadd
rcu_gp
-------------------

-------------------
MiB Mem :   1817.2 total,    814.3 free,    902.2 used,    100.7 buff/cache
MiB Swap:    820.0 total,    737.5 free,     82.5 used.    790.8 avail Mem 

  30486 root      20   0  635412 415748   2828 R  43.8  22.3   0:06.62 mem2.sh

mem.sh
mem2.sh
systemd
kthreadd
rcu_gp
-------------------

-------------------
MiB Mem :   1817.2 total,    721.3 free,    995.3 used,    100.7 buff/cache
MiB Swap:    820.0 total,    737.5 free,     82.5 used.    697.7 avail Mem 

  30486 root      20   0  683196 463532   2828 R  43.8  24.9   0:07.41 mem2.sh

mem.sh
mem2.sh
dbus-daemon
systemd-logind
systemd
-------------------

-------------------
MiB Mem :   1817.2 total,    628.6 free,   1087.9 used,    100.7 buff/cache
MiB Swap:    820.0 total,    737.5 free,     82.5 used.    605.1 avail Mem 

  30486 root      20   0  730848 511316   2828 R  38.9  27.5   0:08.20 mem2.sh

mem2.sh
mem.sh
systemd
kthreadd
rcu_gp
-------------------

-------------------
MiB Mem :   1817.2 total,    535.0 free,   1181.5 used,    100.7 buff/cache
MiB Swap:    820.0 total,    737.5 free,     82.5 used.    511.4 avail Mem 

  30486 root      20   0  779556 559892   2828 R  47.1  30.1   0:09.00 mem2.sh

mem.sh
mem2.sh
systemd
kthreadd
rcu_gp
-------------------

-------------------
MiB Mem :   1817.2 total,    439.9 free,   1276.6 used,    100.7 buff/cache
MiB Swap:    820.0 total,    737.5 free,     82.5 used.    416.4 avail Mem 

  30486 root      20   0  827868 608204   2828 R  52.9  32.7   0:09.80 mem2.sh

mem.sh
mem2.sh
systemd
kthreadd
rcu_gp
-------------------

-------------------
MiB Mem :   1817.2 total,    346.3 free,   1370.2 used,    100.7 buff/cache
MiB Swap:    820.0 total,    737.5 free,     82.5 used.    322.8 avail Mem 

  30486 root      20   0  875520 655988   2828 R  43.8  35.3   0:10.59 mem2.sh

mem.sh
mem2.sh
systemd
kthreadd
rcu_gp
-------------------

-------------------
MiB Mem :   1817.2 total,    252.9 free,   1463.6 used,    100.7 buff/cache
MiB Swap:    820.0 total,    737.5 free,     82.5 used.    229.4 avail Mem 

  30486 root      20   0  923964 704300   2828 R  50.0  37.8   0:11.39 mem2.sh

mem2.sh
mem.sh
systemd
kthreadd
rcu_gp
-------------------

-------------------
MiB Mem :   1817.2 total,    158.8 free,   1557.7 used,    100.7 buff/cache
MiB Swap:    820.0 total,    737.5 free,     82.5 used.    135.2 avail Mem 

  30486 root      20   0  972276 752612   2828 R  41.2  40.4   0:12.18 mem2.sh

mem2.sh
mem.sh
systemd
kthreadd
rcu_gp
-------------------

-------------------
MiB Mem :   1817.2 total,     64.4 free,   1652.1 used,    100.7 buff/cache
MiB Swap:    820.0 total,    737.5 free,     82.5 used.     40.8 avail Mem 

  30486 root      20   0 1020324 800660   2828 R  38.9  43.0   0:12.98 mem2.sh

mem2.sh
mem.sh
kswapd0
systemd
kthreadd
-------------------

-------------------
MiB Mem :   1817.2 total,     61.2 free,   1703.6 used,     52.3 buff/cache
MiB Swap:    820.0 total,    674.2 free,    145.8 used.     13.6 avail Mem 

  30486 root      20   0 1076028 817936   2812 R  38.9  44.0   0:13.88 mem2.sh

mem.sh
mem2.sh
kswapd0
systemd
kthreadd
-------------------

-------------------
MiB Mem :   1817.2 total,     74.2 free,   1690.4 used,     52.5 buff/cache
MiB Swap:    820.0 total,    561.2 free,    258.8 used.     26.7 avail Mem 

  30486 root      20   0 1123944 810588   2812 R  47.1  43.6   0:14.67 mem2.sh

mem.sh
mem2.sh
systemd
kthreadd
rcu_gp
-------------------

-------------------
MiB Mem :   1817.2 total,     65.5 free,   1700.3 used,     51.3 buff/cache
MiB Swap:    820.0 total,    483.6 free,    336.4 used.     17.4 avail Mem 

  30486 root      20   0 1174368 808924   2760 R  25.0  43.5   0:15.47 mem2.sh

mem2.sh
mem.sh
systemd
kthreadd
rcu_gp
-------------------

-------------------
MiB Mem :   1817.2 total,     70.3 free,   1697.8 used,     49.1 buff/cache
MiB Swap:    820.0 total,    379.7 free,    440.3 used.     21.0 avail Mem 

  30486 root      20   0 1222416 814988   2760 R  47.1  43.8   0:16.26 mem2.sh

mem.sh
mem2.sh
kswapd0
systemd
kthreadd
-------------------

-------------------
MiB Mem :   1817.2 total,     73.5 free,   1696.8 used,     46.9 buff/cache
MiB Swap:    820.0 total,    284.3 free,    535.7 used.     23.2 avail Mem 

  30486 root      20   0 1270596 813488   2664 R  36.8  43.7   0:17.03 mem2.sh

mem.sh
mem2.sh
systemd
kthreadd
rcu_gp
-------------------

-------------------
MiB Mem :   1817.2 total,     70.8 free,   1701.6 used,     44.7 buff/cache
MiB Swap:    820.0 total,    193.2 free,    626.8 used.     19.4 avail Mem 

  30486 root      20   0 1320492 817432   2644 R  38.9  43.9   0:17.84 mem2.sh

mem2.sh
mem.sh
kswapd0
ksoftirqd/0
systemd
-------------------

-------------------
MiB Mem :   1817.2 total,     78.2 free,   1693.3 used,     45.6 buff/cache
MiB Swap:    820.0 total,     82.9 free,    737.1 used.     27.3 avail Mem 

  30486 root      20   0 1371312 817340   2644 R  37.5  43.9   0:18.65 mem2.sh

mem.sh
mem2.sh
kswapd0
systemd
kthreadd
-------------------

-------------------
MiB Mem :   1817.2 total,     71.7 free,   1707.1 used,     38.4 buff/cache
MiB Swap:    820.0 total,      0.0 free,    820.0 used.     17.1 avail Mem 



mem.sh
kworker/0:2-events_power_ef+
systemd
kthreadd
rcu_gp
-------------------

-------------------
MiB Mem :   1817.2 total,    661.7 free,   1095.4 used,     60.1 buff/cache
MiB Swap:    820.0 total,    368.1 free,    451.9 used.    617.9 avail Mem 



mem.sh
systemd
kthreadd
rcu_gp
rcu_par_gp
-------------------

-------------------
MiB Mem :   1817.2 total,    572.5 free,   1184.6 used,     60.1 buff/cache
MiB Swap:    820.0 total,    368.1 free,    451.9 used.    528.7 avail Mem 



mem.sh
systemd
kthreadd
rcu_gp
rcu_par_gp
-------------------

-------------------
MiB Mem :   1817.2 total,    480.7 free,   1276.4 used,     60.1 buff/cache
MiB Swap:    820.0 total,    368.1 free,    451.9 used.    436.9 avail Mem 



mem.sh
systemd
kthreadd
rcu_gp
rcu_par_gp
-------------------

-------------------
MiB Mem :   1817.2 total,    385.5 free,   1371.4 used,     60.3 buff/cache
MiB Swap:    820.0 total,    368.1 free,    451.9 used.    341.8 avail Mem 



mem.sh
kworker/0:0-events
systemd
kthreadd
rcu_gp
-------------------

-------------------
MiB Mem :   1817.2 total,    289.6 free,   1467.2 used,     60.4 buff/cache
MiB Swap:    820.0 total,    368.1 free,    451.9 used.    246.0 avail Mem 



mem.sh
systemd
kthreadd
rcu_gp
rcu_par_gp
-------------------

-------------------
MiB Mem :   1817.2 total,    193.7 free,   1563.1 used,     60.4 buff/cache
MiB Swap:    820.0 total,    368.1 free,    451.9 used.    150.0 avail Mem 



mem.sh
ksoftirqd/0
systemd
kthreadd
rcu_gp
-------------------

-------------------
MiB Mem :   1817.2 total,     98.9 free,   1657.9 used,     60.4 buff/cache
MiB Swap:    820.0 total,    368.1 free,    451.9 used.     55.3 avail Mem 



mem.sh
systemd
kthreadd
rcu_gp
rcu_par_gp
-------------------

-------------------
MiB Mem :   1817.2 total,     64.6 free,   1694.5 used,     58.1 buff/cache
MiB Swap:    820.0 total,    313.4 free,    506.6 used.     19.8 avail Mem 



mem.sh
systemd
kthreadd
rcu_gp
rcu_par_gp
-------------------

-------------------
MiB Mem :   1817.2 total,     76.0 free,   1687.2 used,     53.9 buff/cache
MiB Swap:    820.0 total,    216.6 free,    603.4 used.     29.1 avail Mem 



mem.sh
kswapd0
systemd
kthreadd
rcu_gp
-------------------

-------------------
MiB Mem :   1817.2 total,     74.8 free,   1691.0 used,     51.4 buff/cache
MiB Swap:    820.0 total,    126.9 free,    693.1 used.     26.6 avail Mem 



mem.sh
systemd
kthreadd
rcu_gp
rcu_par_gp
-------------------

-------------------
MiB Mem :   1817.2 total,     75.3 free,   1692.1 used,     49.8 buff/cache
MiB Swap:    820.0 total,     36.6 free,    783.4 used.     26.3 avail Mem 



mem.sh
kswapd0
systemd
kthreadd
rcu_gp
-------------------

-------------------
MiB Mem :   1817.2 total,   1663.3 free,    101.7 used,     52.2 buff/cache
MiB Swap:    820.0 total,    732.9 free,     87.1 used.   1615.6 avail Mem 



systemd
kthreadd
rcu_gp
rcu_par_gp
kworker/0:0H-events_highpri
-------------------

-------------------
MiB Mem :   1817.2 total,   1655.5 free,    101.7 used,     60.0 buff/cache
MiB Swap:    820.0 total,    732.9 free,     87.1 used.   1611.6 avail Mem 



systemd
kthreadd
rcu_gp
rcu_par_gp
kworker/0:0H-events_highpri
-------------------

-------------------
MiB Mem :   1817.2 total,   1655.6 free,    101.6 used,     60.0 buff/cache
MiB Swap:    820.0 total,    732.9 free,     87.1 used.   1611.7 avail Mem 



systemd
kthreadd
rcu_gp
rcu_par_gp
kworker/0:0H-events_highpri
-------------------

-------------------
MiB Mem :   1817.2 total,   1655.5 free,    101.6 used,     60.0 buff/cache
MiB Swap:    820.0 total,    732.9 free,     87.1 used.   1611.7 avail Mem 



systemd
kthreadd
rcu_gp
rcu_par_gp
kworker/0:0H-events_highpri
-------------------

-------------------
MiB Mem :   1817.2 total,   1651.9 free,    101.6 used,     63.6 buff/cache
MiB Swap:    820.0 total,    732.9 free,     87.1 used.   1609.9 avail Mem 



systemd
kthreadd
rcu_gp
rcu_par_gp
kworker/0:0H-events_highpri
-------------------

-------------------
MiB Mem :   1817.2 total,   1653.2 free,    100.0 used,     63.9 buff/cache
MiB Swap:    820.0 total,    732.9 free,     87.1 used.   1611.3 avail Mem 



systemd
kthreadd
rcu_gp
rcu_par_gp
kworker/0:0H-events_highpri
-------------------

